[Licensing::Module] Channel doesn't exist: "LicenseClient-gvida"
[Licensing::Module] Successfully launched the LicensingClient (PId: 16672)
[Licensing::Module] Successfully connected to LicensingClient on channel: "LicenseClient-gvida"
Entitlement-based licensing initiated
[LicensingClient] Licenses updated successfully

LICENSE SYSTEM [2020427 19:6:59] Next license update check is after 2020-04-28T15:27:02


LICENSE SYSTEM [2020427 19:6:59] 00326-00814-34854-AAOEM != 00326-00000-00000-AAOEM

Built from '2020.1/staging' branch; Version is '2020.1.0b5 (f017efceb459) revision 15734767'; Using compiler version '192227905'; Build Type 'Release'
OS: 'Windows 10  (10.0.0) 64bit' Language: 'fr' Physical Memory: 16333 MB
[Licensing::Module] Serial number assigned to: "F4-E8ZS-RJSW-DCN6-3243-XXXX"
BatchMode: 1, IsHumanControllingUs: 0, StartBugReporterOnCrash: 0, Is64bit: 1, IsPro: 0
[Package Manager] Server::Start -- Port 52389 was selected

 COMMAND LINE ARGUMENTS:
C:\Program Files\Unity\Hub\Editor\2020.1.0b5\Editor\Unity.exe
-quit
-batchmode
-projectPath
.
-executeMethod
Builder.Build
-logFile
editor.log
Successfully changed project path to: F:/UNITY/PROJECTS/TICTACTOCALYPSE/Tictactocalypse
F:/UNITY/PROJECTS/TICTACTOCALYPSE/Tictactocalypse
Using Asset Import Pipeline V2.
[Package Manager] Done resolving packages in 0.54s seconds
[Package Manager] Done checking package constraints in 0.00s seconds
[Package Manager] 
Registered 48 packages:
  Packages from [https://packages.unity.com]:
    com.unity.ads@3.4.4 (location: F:\UNITY\PROJECTS\TICTACTOCALYPSE\Tictactocalypse\Library\PackageCache\com.unity.ads@3.4.4)
    com.unity.analytics@3.3.5 (location: F:\UNITY\PROJECTS\TICTACTOCALYPSE\Tictactocalypse\Library\PackageCache\com.unity.analytics@3.3.5)
    com.unity.collab-proxy@1.3.7 (location: F:\UNITY\PROJECTS\TICTACTOCALYPSE\Tictactocalypse\Library\PackageCache\com.unity.collab-proxy@1.3.7)
    com.unity.ide.rider@1.2.1 (location: F:\UNITY\PROJECTS\TICTACTOCALYPSE\Tictactocalypse\Library\PackageCache\com.unity.ide.rider@1.2.1)
    com.unity.ide.visualstudio@2.0.0 (location: F:\UNITY\PROJECTS\TICTACTOCALYPSE\Tictactocalypse\Library\PackageCache\com.unity.ide.visualstudio@2.0.0)
    com.unity.ide.vscode@1.1.4 (location: F:\UNITY\PROJECTS\TICTACTOCALYPSE\Tictactocalypse\Library\PackageCache\com.unity.ide.vscode@1.1.4)
    com.unity.purchasing@2.0.6 (location: F:\UNITY\PROJECTS\TICTACTOCALYPSE\Tictactocalypse\Library\PackageCache\com.unity.purchasing@2.0.6)
    com.unity.test-framework@1.1.13 (location: F:\UNITY\PROJECTS\TICTACTOCALYPSE\Tictactocalypse\Library\PackageCache\com.unity.test-framework@1.1.13)
    com.unity.textmeshpro@3.0.0-preview.1 (location: F:\UNITY\PROJECTS\TICTACTOCALYPSE\Tictactocalypse\Library\PackageCache\com.unity.textmeshpro@3.0.0-preview.1)
    com.unity.timeline@1.2.6 (location: F:\UNITY\PROJECTS\TICTACTOCALYPSE\Tictactocalypse\Library\PackageCache\com.unity.timeline@1.2.6)
    com.unity.xr.legacyinputhelpers@1.3.7 (location: F:\UNITY\PROJECTS\TICTACTOCALYPSE\Tictactocalypse\Library\PackageCache\com.unity.xr.legacyinputhelpers@1.3.7)
    com.unity.ext.nunit@1.0.0 (location: F:\UNITY\PROJECTS\TICTACTOCALYPSE\Tictactocalypse\Library\PackageCache\com.unity.ext.nunit@1.0.0)
  Built-in packages:
    com.unity.2d.sprite@1.0.0 (location: C:\Program Files\Unity\Hub\Editor\2020.1.0b5\Editor\Data\Resources\PackageManager\BuiltInPackages\com.unity.2d.sprite)
    com.unity.2d.tilemap@1.0.0 (location: C:\Program Files\Unity\Hub\Editor\2020.1.0b5\Editor\Data\Resources\PackageManager\BuiltInPackages\com.unity.2d.tilemap)
    com.unity.ugui@1.0.0 (location: C:\Program Files\Unity\Hub\Editor\2020.1.0b5\Editor\Data\Resources\PackageManager\BuiltInPackages\com.unity.ugui)
    com.unity.modules.ai@1.0.0 (location: C:\Program Files\Unity\Hub\Editor\2020.1.0b5\Editor\Data\Resources\PackageManager\BuiltInPackages\com.unity.modules.ai)
    com.unity.modules.androidjni@1.0.0 (location: C:\Program Files\Unity\Hub\Editor\2020.1.0b5\Editor\Data\Resources\PackageManager\BuiltInPackages\com.unity.modules.androidjni)
    com.unity.modules.animation@1.0.0 (location: C:\Program Files\Unity\Hub\Editor\2020.1.0b5\Editor\Data\Resources\PackageManager\BuiltInPackages\com.unity.modules.animation)
    com.unity.modules.assetbundle@1.0.0 (location: C:\Program Files\Unity\Hub\Editor\2020.1.0b5\Editor\Data\Resources\PackageManager\BuiltInPackages\com.unity.modules.assetbundle)
    com.unity.modules.audio@1.0.0 (location: C:\Program Files\Unity\Hub\Editor\2020.1.0b5\Editor\Data\Resources\PackageManager\BuiltInPackages\com.unity.modules.audio)
    com.unity.modules.cloth@1.0.0 (location: C:\Program Files\Unity\Hub\Editor\2020.1.0b5\Editor\Data\Resources\PackageManager\BuiltInPackages\com.unity.modules.cloth)
    com.unity.modules.director@1.0.0 (location: C:\Program Files\Unity\Hub\Editor\2020.1.0b5\Editor\Data\Resources\PackageManager\BuiltInPackages\com.unity.modules.director)
    com.unity.modules.imageconversion@1.0.0 (location: C:\Program Files\Unity\Hub\Editor\2020.1.0b5\Editor\Data\Resources\PackageManager\BuiltInPackages\com.unity.modules.imageconversion)
    com.unity.modules.imgui@1.0.0 (location: C:\Program Files\Unity\Hub\Editor\2020.1.0b5\Editor\Data\Resources\PackageManager\BuiltInPackages\com.unity.modules.imgui)
    com.unity.modules.jsonserialize@1.0.0 (location: C:\Program Files\Unity\Hub\Editor\2020.1.0b5\Editor\Data\Resources\PackageManager\BuiltInPackages\com.unity.modules.jsonserialize)
    com.unity.modules.particlesystem@1.0.0 (location: C:\Program Files\Unity\Hub\Editor\2020.1.0b5\Editor\Data\Resources\PackageManager\BuiltInPackages\com.unity.modules.particlesystem)
    com.unity.modules.physics@1.0.0 (location: C:\Program Files\Unity\Hub\Editor\2020.1.0b5\Editor\Data\Resources\PackageManager\BuiltInPackages\com.unity.modules.physics)
    com.unity.modules.physics2d@1.0.0 (location: C:\Program Files\Unity\Hub\Editor\2020.1.0b5\Editor\Data\Resources\PackageManager\BuiltInPackages\com.unity.modules.physics2d)
    com.unity.modules.screencapture@1.0.0 (location: C:\Program Files\Unity\Hub\Editor\2020.1.0b5\Editor\Data\Resources\PackageManager\BuiltInPackages\com.unity.modules.screencapture)
    com.unity.modules.terrain@1.0.0 (location: C:\Program Files\Unity\Hub\Editor\2020.1.0b5\Editor\Data\Resources\PackageManager\BuiltInPackages\com.unity.modules.terrain)
    com.unity.modules.terrainphysics@1.0.0 (location: C:\Program Files\Unity\Hub\Editor\2020.1.0b5\Editor\Data\Resources\PackageManager\BuiltInPackages\com.unity.modules.terrainphysics)
    com.unity.modules.tilemap@1.0.0 (location: C:\Program Files\Unity\Hub\Editor\2020.1.0b5\Editor\Data\Resources\PackageManager\BuiltInPackages\com.unity.modules.tilemap)
    com.unity.modules.ui@1.0.0 (location: C:\Program Files\Unity\Hub\Editor\2020.1.0b5\Editor\Data\Resources\PackageManager\BuiltInPackages\com.unity.modules.ui)
    com.unity.modules.uielements@1.0.0 (location: C:\Program Files\Unity\Hub\Editor\2020.1.0b5\Editor\Data\Resources\PackageManager\BuiltInPackages\com.unity.modules.uielements)
    com.unity.modules.umbra@1.0.0 (location: C:\Program Files\Unity\Hub\Editor\2020.1.0b5\Editor\Data\Resources\PackageManager\BuiltInPackages\com.unity.modules.umbra)
    com.unity.modules.unityanalytics@1.0.0 (location: C:\Program Files\Unity\Hub\Editor\2020.1.0b5\Editor\Data\Resources\PackageManager\BuiltInPackages\com.unity.modules.unityanalytics)
    com.unity.modules.unitywebrequest@1.0.0 (location: C:\Program Files\Unity\Hub\Editor\2020.1.0b5\Editor\Data\Resources\PackageManager\BuiltInPackages\com.unity.modules.unitywebrequest)
    com.unity.modules.unitywebrequestassetbundle@1.0.0 (location: C:\Program Files\Unity\Hub\Editor\2020.1.0b5\Editor\Data\Resources\PackageManager\BuiltInPackages\com.unity.modules.unitywebrequestassetbundle)
    com.unity.modules.unitywebrequestaudio@1.0.0 (location: C:\Program Files\Unity\Hub\Editor\2020.1.0b5\Editor\Data\Resources\PackageManager\BuiltInPackages\com.unity.modules.unitywebrequestaudio)
    com.unity.modules.unitywebrequesttexture@1.0.0 (location: C:\Program Files\Unity\Hub\Editor\2020.1.0b5\Editor\Data\Resources\PackageManager\BuiltInPackages\com.unity.modules.unitywebrequesttexture)
    com.unity.modules.unitywebrequestwww@1.0.0 (location: C:\Program Files\Unity\Hub\Editor\2020.1.0b5\Editor\Data\Resources\PackageManager\BuiltInPackages\com.unity.modules.unitywebrequestwww)
    com.unity.modules.vehicles@1.0.0 (location: C:\Program Files\Unity\Hub\Editor\2020.1.0b5\Editor\Data\Resources\PackageManager\BuiltInPackages\com.unity.modules.vehicles)
    com.unity.modules.video@1.0.0 (location: C:\Program Files\Unity\Hub\Editor\2020.1.0b5\Editor\Data\Resources\PackageManager\BuiltInPackages\com.unity.modules.video)
    com.unity.modules.vr@1.0.0 (location: C:\Program Files\Unity\Hub\Editor\2020.1.0b5\Editor\Data\Resources\PackageManager\BuiltInPackages\com.unity.modules.vr)
    com.unity.modules.wind@1.0.0 (location: C:\Program Files\Unity\Hub\Editor\2020.1.0b5\Editor\Data\Resources\PackageManager\BuiltInPackages\com.unity.modules.wind)
    com.unity.modules.xr@1.0.0 (location: C:\Program Files\Unity\Hub\Editor\2020.1.0b5\Editor\Data\Resources\PackageManager\BuiltInPackages\com.unity.modules.xr)
    com.unity.modules.uielementsnative@1.0.0 (location: C:\Program Files\Unity\Hub\Editor\2020.1.0b5\Editor\Data\Resources\PackageManager\BuiltInPackages\com.unity.modules.uielementsnative)
    com.unity.modules.subsystems@1.0.0 (location: C:\Program Files\Unity\Hub\Editor\2020.1.0b5\Editor\Data\Resources\PackageManager\BuiltInPackages\com.unity.modules.subsystems)

[Subsystems] No new subsystems found in resolved package list.
[Package Manager] Done registering packages in 0.04s seconds
Refreshing native plugins compatible for Editor in 19.14 ms, found 0 plugins.
Preloading 0 native plugins for Editor in 0.00 ms.
Initialize engine version: 2020.1.0b5 (f017efceb459)
[Subsystems] Discovering subsystems at path C:/Program Files/Unity/Hub/Editor/2020.1.0b5/Editor/Data/Resources/UnitySubsystems
[Subsystems] Discovering subsystems at path F:/UNITY/PROJECTS/TICTACTOCALYPSE/Tictactocalypse/Assets
GfxDevice: creating device client; threaded=0
Direct3D:
    Version:  Direct3D 11.0 [level 11.1]
    Renderer: NVIDIA GeForce GTX 1060 3GB (ID=0x1c02)
    Vendor:   
    VRAM:     2988 MB
    Driver:   26.21.14.3200
Initialize mono
Mono path[0] = 'C:/Program Files/Unity/Hub/Editor/2020.1.0b5/Editor/Data/Managed'
Mono path[1] = 'C:/Program Files/Unity/Hub/Editor/2020.1.0b5/Editor/Data/MonoBleedingEdge/lib/mono/unityjit'
Mono config path = 'C:/Program Files/Unity/Hub/Editor/2020.1.0b5/Editor/Data/MonoBleedingEdge/etc'
Using monoOptions --debugger-agent=transport=dt_socket,embedding=1,server=y,suspend=n,address=127.0.0.1:56568
ImportWorker Server TCP listen port: 60460
AcceleratorClientConnectionCallback - disconnected - :0
Begin MonoManager ReloadAssembly
Registering precompiled unity dll's ...
Register platform support module: C:/Program Files/Unity/Hub/Editor/2020.1.0b5/Editor/Data/PlaybackEngines/WebGLSupport/UnityEditor.WebGL.Extensions.dll
Register platform support module: C:/Program Files/Unity/Hub/Editor/2020.1.0b5/Editor/Data/PlaybackEngines/MacStandaloneSupport/UnityEditor.OSXStandalone.Extensions.dll
Register platform support module: C:/Program Files/Unity/Hub/Editor/2020.1.0b5/Editor/Data/PlaybackEngines/WindowsStandaloneSupport/UnityEditor.WindowsStandalone.Extensions.dll
Register platform support module: C:/Program Files/Unity/Hub/Editor/2020.1.0b5/Editor/Data/PlaybackEngines/LinuxStandaloneSupport/UnityEditor.LinuxStandalone.Extensions.dll
Register platform support module: C:/Program Files/Unity/Hub/Editor/2020.1.0b5/Editor/Data/PlaybackEngines/MetroSupport/UnityEditor.UWP.Extensions.dll
Registered in 0.151815 seconds.
Native extension for UWP target not found
Native extension for LinuxStandalone target not found
Native extension for WindowsStandalone target not found
Native extension for OSXStandalone target not found
Native extension for WebGL target not found
Refreshing native plugins compatible for Editor in 14.96 ms, found 0 plugins.
Preloading 0 native plugins for Editor in 0.00 ms.
Mono: successfully reloaded assembly
- Completed reload, in  1.131 seconds
Registering precompiled user dll's ...
Registered in 0.041787 seconds.
Platform modules already initialized, skipping
Validating Project structure ... 0.001650 seconds.
Shader import version has changed; will reimport all shaders...
Upgrading shader files ...0.008489 seconds.
Begin MonoManager ReloadAssembly
Native extension for UWP target not found
Native extension for LinuxStandalone target not found
Native extension for WindowsStandalone target not found
Native extension for OSXStandalone target not found
Native extension for WebGL target not found
Refreshing native plugins compatible for Editor in 0.36 ms, found 0 plugins.
Preloading 0 native plugins for Editor in 0.00 ms.
Refreshing native plugins compatible for Editor in 0.34 ms, found 0 plugins.
Mono: successfully reloaded assembly
Refresh completed in 0.000000 seconds.
- Completed reload, in  0.663 seconds
Platform modules already initialized, skipping
RefreshInfo: InitialScriptRefreshV2(NoUpdateAssetOptions) scanfilter:  ... 1 filters
RefreshProfiler: Total: 1042.894ms
	InvokeBeforeRefreshCallbacks: 0.146ms
	ApplyChangesToAssetFolders: 0.056ms
	WriteModifiedImportersToTextMetaFiles: 0.000ms
	CleanLegacyArtifacts: 0.000ms
	Scan: 22.716ms
	OnSourceAssetsModified: 0.000ms
	UnregisterDeletedAssets: 0.000ms
	InitializeImportedAssetsSnapshot: 0.152ms
	GetAllGuidsForCategorization: 0.062ms
	CategorizeAssets: 14.419ms
	ImportAndPostprocessOutOfDateAssets: 993.174ms (992.692ms without children)
		ImportManagerImport: 0.000ms (0.000ms without children)
			ImportInProcess: 0.000ms
			ImportOutOfProcess: 0.000ms
			UpdateCategorizedAssets: 0.000ms
			RemoteAssetCacheUploadArtifacts: 0.000ms (0.000ms without children)
				RemoteAssetCacheUploadMetadata: 0.000ms
			RemoteAssetCacheGetArtifact: 0.000ms (0.000ms without children)
				RemoteAssetCacheFetchMetadata: 0.000ms
				RemoteAssetCacheMatchMetadataResults: 0.000ms
				RemoteAssetCacheDownloadFile: 0.000ms
		CompileScripts: 0.000ms
		PostProcessAllAssets: 0.000ms
		ReloadImportedAssets: 0.000ms
		VerifyAssetsAreUpToDateAndCorrect: 0.000ms
		EnsureUptoDateAssetsAreRegisteredWithGuidPM: 0.123ms
		InitializingProgressBar: 0.000ms
		PostProcessAllAssetNotificationsAddChangedAssets: 0.072ms
		OnDemandSchedulerStart: 0.000ms
		RestoreLoadedAssetsState: 0.288ms
	InvokeProjectHasChanged: 0.000ms
	UpdateImportedAssetsSnapshot: -0.002ms
	ReloadSourceAssets: 0.314ms
	UnloadImportedAssets: 0.005ms
	Hotreload: 0.065ms
	FixTempGuids: 0.002ms
	VerifyGuidPMRegistrations: 0.000ms
	GatherAllCurrentPrimaryArtifactRevisions: 0.000ms
	UnloadStreamsBegin: 0.362ms
	LoadedImportedAssetsSnapshotReleaseGCHandles: 0.006ms
	GetLoadedSourceAssetsSnapshot: 0.351ms
	PersistCurrentRevisions: 0.073ms
	UnloadStreamsEnd: 5.870ms
	Untracked: 5.121ms
Refresh completed in 0.021918 seconds.
RefreshInfo: RefreshV2(ForceSynchronousImport) scanfilter: 
RefreshProfiler: Total: 21.905ms
	InvokeBeforeRefreshCallbacks: 0.194ms
	ApplyChangesToAssetFolders: 0.056ms
	WriteModifiedImportersToTextMetaFiles: 0.000ms
	CleanLegacyArtifacts: 0.000ms
	Scan: 1.295ms
	OnSourceAssetsModified: 0.000ms
	UnregisterDeletedAssets: 0.000ms
	InitializeImportedAssetsSnapshot: 2.506ms
	GetAllGuidsForCategorization: 0.109ms
	CategorizeAssets: 13.662ms
	ImportAndPostprocessOutOfDateAssets: 2.067ms (0.816ms without children)
		ImportManagerImport: 0.000ms (0.000ms without children)
			ImportInProcess: 0.000ms
			ImportOutOfProcess: 0.000ms
			UpdateCategorizedAssets: 0.000ms
			RemoteAssetCacheUploadArtifacts: 0.000ms (0.000ms without children)
				RemoteAssetCacheUploadMetadata: 0.000ms
			RemoteAssetCacheGetArtifact: 0.000ms (0.000ms without children)
				RemoteAssetCacheFetchMetadata: 0.000ms
				RemoteAssetCacheMatchMetadataResults: 0.000ms
				RemoteAssetCacheDownloadFile: 0.000ms
		CompileScripts: 0.000ms
		PostProcessAllAssets: 0.000ms
		ReloadImportedAssets: 0.000ms
		VerifyAssetsAreUpToDateAndCorrect: 0.000ms
		EnsureUptoDateAssetsAreRegisteredWithGuidPM: 0.169ms
		InitializingProgressBar: 0.000ms
		PostProcessAllAssetNotificationsAddChangedAssets: 0.082ms
		OnDemandSchedulerStart: 0.419ms
		RestoreLoadedAssetsState: 0.580ms
	InvokeProjectHasChanged: 0.000ms
	UpdateImportedAssetsSnapshot: -0.000ms
	ReloadSourceAssets: 0.291ms
	UnloadImportedAssets: 0.051ms
	Hotreload: 0.012ms
	FixTempGuids: 0.002ms
	VerifyGuidPMRegistrations: 0.000ms
	GatherAllCurrentPrimaryArtifactRevisions: 0.119ms
	UnloadStreamsBegin: 0.009ms
	LoadedImportedAssetsSnapshotReleaseGCHandles: 0.407ms
	GetLoadedSourceAssetsSnapshot: 0.891ms
	PersistCurrentRevisions: 0.073ms
	UnloadStreamsEnd: 0.009ms
	Untracked: 0.152ms
Refresh completed in 0.004632 seconds.
RefreshInfo: RefreshV2(ForceSynchronousImport) scanfilter: 
RefreshProfiler: Total: 4.621ms
	InvokeBeforeRefreshCallbacks: 0.169ms
	ApplyChangesToAssetFolders: 0.057ms
	WriteModifiedImportersToTextMetaFiles: 0.000ms
	CleanLegacyArtifacts: 0.000ms
	Scan: 1.239ms
	OnSourceAssetsModified: 0.000ms
	UnregisterDeletedAssets: 0.000ms
	InitializeImportedAssetsSnapshot: 1.692ms
	GetAllGuidsForCategorization: 0.000ms
	CategorizeAssets: 0.000ms
	ImportAndPostprocessOutOfDateAssets: 0.000ms (0.000ms without children)
		ImportManagerImport: 0.000ms (0.000ms without children)
			ImportInProcess: 0.000ms
			ImportOutOfProcess: 0.000ms
			UpdateCategorizedAssets: 0.000ms
			RemoteAssetCacheUploadArtifacts: 0.000ms (0.000ms without children)
				RemoteAssetCacheUploadMetadata: 0.000ms
			RemoteAssetCacheGetArtifact: 0.000ms (0.000ms without children)
				RemoteAssetCacheFetchMetadata: 0.000ms
				RemoteAssetCacheMatchMetadataResults: 0.000ms
				RemoteAssetCacheDownloadFile: 0.000ms
		CompileScripts: 0.000ms
		PostProcessAllAssets: 0.000ms
		ReloadImportedAssets: 0.000ms
		VerifyAssetsAreUpToDateAndCorrect: 0.000ms
		EnsureUptoDateAssetsAreRegisteredWithGuidPM: 0.000ms
		InitializingProgressBar: 0.000ms
		PostProcessAllAssetNotificationsAddChangedAssets: 0.000ms
		OnDemandSchedulerStart: 0.000ms
		RestoreLoadedAssetsState: 0.000ms
	InvokeProjectHasChanged: 0.000ms
	UpdateImportedAssetsSnapshot: -0.000ms
	ReloadSourceAssets: 0.000ms
	UnloadImportedAssets: 0.000ms
	Hotreload: 0.014ms
	FixTempGuids: 0.002ms
	VerifyGuidPMRegistrations: 0.000ms
	GatherAllCurrentPrimaryArtifactRevisions: 0.111ms
	UnloadStreamsBegin: 0.007ms
	LoadedImportedAssetsSnapshotReleaseGCHandles: 0.403ms
	GetLoadedSourceAssetsSnapshot: 0.322ms
	PersistCurrentRevisions: 0.073ms
	UnloadStreamsEnd: 0.009ms
	Untracked: 0.526ms
Refresh completed in 0.020601 seconds.
RefreshInfo: RefreshV2(NoUpdateAssetOptions) scanfilter: 
RefreshProfiler: Total: 20.585ms
	InvokeBeforeRefreshCallbacks: 0.197ms
	ApplyChangesToAssetFolders: 0.059ms
	WriteModifiedImportersToTextMetaFiles: 0.000ms
	CleanLegacyArtifacts: 0.000ms
	Scan: 1.244ms
	OnSourceAssetsModified: 0.000ms
	UnregisterDeletedAssets: 0.000ms
	InitializeImportedAssetsSnapshot: 1.821ms
	GetAllGuidsForCategorization: 0.118ms
	CategorizeAssets: 13.627ms
	ImportAndPostprocessOutOfDateAssets: 1.546ms (0.479ms without children)
		ImportManagerImport: 0.000ms (0.000ms without children)
			ImportInProcess: 0.000ms
			ImportOutOfProcess: 0.000ms
			UpdateCategorizedAssets: 0.000ms
			RemoteAssetCacheUploadArtifacts: 0.000ms (0.000ms without children)
				RemoteAssetCacheUploadMetadata: 0.000ms
			RemoteAssetCacheGetArtifact: 0.000ms (0.000ms without children)
				RemoteAssetCacheFetchMetadata: 0.000ms
				RemoteAssetCacheMatchMetadataResults: 0.000ms
				RemoteAssetCacheDownloadFile: 0.000ms
		CompileScripts: 0.000ms
		PostProcessAllAssets: 0.000ms
		ReloadImportedAssets: 0.000ms
		VerifyAssetsAreUpToDateAndCorrect: 0.000ms
		EnsureUptoDateAssetsAreRegisteredWithGuidPM: 0.176ms
		InitializingProgressBar: 0.000ms
		PostProcessAllAssetNotificationsAddChangedAssets: 0.086ms
		OnDemandSchedulerStart: 0.178ms
		RestoreLoadedAssetsState: 0.628ms
	InvokeProjectHasChanged: 0.000ms
	UpdateImportedAssetsSnapshot: -0.000ms
	ReloadSourceAssets: 0.469ms
	UnloadImportedAssets: 0.056ms
	Hotreload: 0.032ms
	FixTempGuids: 0.002ms
	VerifyGuidPMRegistrations: 0.000ms
	GatherAllCurrentPrimaryArtifactRevisions: 0.130ms
	UnloadStreamsBegin: 0.034ms
	LoadedImportedAssetsSnapshotReleaseGCHandles: 0.407ms
	GetLoadedSourceAssetsSnapshot: 0.953ms
	PersistCurrentRevisions: 0.073ms
	UnloadStreamsEnd: 0.008ms
	Untracked: -0.189ms
Refresh completed in 0.020175 seconds.
RefreshInfo: RefreshV2(NoUpdateAssetOptions) scanfilter: 
RefreshProfiler: Total: 20.165ms
	InvokeBeforeRefreshCallbacks: 0.160ms
	ApplyChangesToAssetFolders: 0.056ms
	WriteModifiedImportersToTextMetaFiles: 0.000ms
	CleanLegacyArtifacts: 0.000ms
	Scan: 1.323ms
	OnSourceAssetsModified: 0.000ms
	UnregisterDeletedAssets: 0.000ms
	InitializeImportedAssetsSnapshot: 1.624ms
	GetAllGuidsForCategorization: 0.111ms
	CategorizeAssets: 13.534ms
	ImportAndPostprocessOutOfDateAssets: 1.500ms (0.483ms without children)
		ImportManagerImport: 0.000ms (0.000ms without children)
			ImportInProcess: 0.000ms
			ImportOutOfProcess: 0.000ms
			UpdateCategorizedAssets: 0.000ms
			RemoteAssetCacheUploadArtifacts: 0.000ms (0.000ms without children)
				RemoteAssetCacheUploadMetadata: 0.000ms
			RemoteAssetCacheGetArtifact: 0.000ms (0.000ms without children)
				RemoteAssetCacheFetchMetadata: 0.000ms
				RemoteAssetCacheMatchMetadataResults: 0.000ms
				RemoteAssetCacheDownloadFile: 0.000ms
		CompileScripts: 0.000ms
		PostProcessAllAssets: 0.000ms
		ReloadImportedAssets: 0.000ms
		VerifyAssetsAreUpToDateAndCorrect: 0.000ms
		EnsureUptoDateAssetsAreRegisteredWithGuidPM: 0.170ms
		InitializingProgressBar: 0.000ms
		PostProcessAllAssetNotificationsAddChangedAssets: 0.083ms
		OnDemandSchedulerStart: 0.153ms
		RestoreLoadedAssetsState: 0.612ms
	InvokeProjectHasChanged: 0.000ms
	UpdateImportedAssetsSnapshot: -0.000ms
	ReloadSourceAssets: 0.473ms
	UnloadImportedAssets: 0.055ms
	Hotreload: 0.015ms
	FixTempGuids: 0.002ms
	VerifyGuidPMRegistrations: 0.000ms
	GatherAllCurrentPrimaryArtifactRevisions: 0.111ms
	UnloadStreamsBegin: 0.007ms
	LoadedImportedAssetsSnapshotReleaseGCHandles: 0.400ms
	GetLoadedSourceAssetsSnapshot: 0.926ms
	PersistCurrentRevisions: 0.073ms
	UnloadStreamsEnd: 0.008ms
	Untracked: -0.213ms
Launched and connected shader compiler UnityShaderCompiler.exe after 0.04 seconds
Initializing Unity extensions:
Unloading 78 Unused Serialized files (Serialized files now loaded: 0)
System memory in use before: 71.3 MB.
System memory in use after: 70.5 MB.

Unloading 117 unused Assets to reduce memory usage. Loaded Objects now: 1776.
Total: 1.948900 ms (FindLiveObjects: 0.217800 ms CreateObjectMapping: 0.032300 ms MarkObjects: 1.271900 ms  DeleteObjects: 0.423600 ms)

BUILDING
UnityEngine.DebugLogHandler:Internal_Log(LogType, LogOption, String, Object)
UnityEngine.DebugLogHandler:LogFormat(LogType, Object, String, Object[])
UnityEngine.Logger:Log(LogType, Object)
UnityEngine.Debug:Log(Object)
Builder:Build() (at Assets\Scripts\Builder.cs:11)
 
(Filename: Assets/Scripts/Builder.cs Line: 11)

[ScriptCompilation] Recompiling all scripts because: Recompiling scripts for player build.
BuildPlayer: start building target 19
- Starting script compilation
- Starting compile Library/PlayerScriptAssemblies/UnityEngine.TestRunner.dll
- Starting compile Library/PlayerScriptAssemblies/UnityEngine.UI.dll
- Finished compile Library/PlayerScriptAssemblies/UnityEngine.TestRunner.dll in 0,301198 seconds
- Finished compile Library/PlayerScriptAssemblies/UnityEngine.UI.dll in 0,372669 seconds
- Starting compile Library/PlayerScriptAssemblies/Unity.TextMeshPro.dll
- Starting compile Library/PlayerScriptAssemblies/Unity.Timeline.dll
- Starting compile Library/PlayerScriptAssemblies/UnityEngine.Advertisements.dll
- Starting compile Library/PlayerScriptAssemblies/Unity.Analytics.DataPrivacy.dll
- Starting compile Library/PlayerScriptAssemblies/UnityEngine.SpatialTracking.dll
- Finished compile Library/PlayerScriptAssemblies/Unity.Timeline.dll in 0,402288 seconds
- Finished compile Library/PlayerScriptAssemblies/UnityEngine.Advertisements.dll in 0,393247 seconds
- Finished compile Library/PlayerScriptAssemblies/Unity.Analytics.DataPrivacy.dll in 0,384731 seconds

-----Compiler Commandline Arguments:
Filename: C:\Program Files\Unity\Hub\Editor\2020.1.0b5\Editor\Data\Tools\RoslynScripts\unity_csc.bat
Arguments: /noconfig @Temp/UnityTempFile-88c6492b7aebe874d90de003b4eb9eeb
Responsefile: Temp/UnityTempFile-88c6492b7aebe874d90de003b4eb9eeb Contents: 
/target:library
/nowarn:0169
/out:Temp/UnityEngine.SpatialTracking.dll
/debug:portable
/optimize+
/nostdlib+
/preferreduilang:en-US
/langversion:latest
/reference:Library/PlayerScriptAssemblies/UnityEngine.UI.dll
/reference:"C:/Program Files/Unity/Hub/Editor/2020.1.0b5/Editor/Data/PlaybackEngines/WindowsStandaloneSupport/Variations/mono/Managed/UnityEngine.dll"
/reference:"C:/Program Files/Unity/Hub/Editor/2020.1.0b5/Editor/Data/PlaybackEngines/WindowsStandaloneSupport/Variations/mono/Managed/UnityEngine.AIModule.dll"
/reference:"C:/Program Files/Unity/Hub/Editor/2020.1.0b5/Editor/Data/PlaybackEngines/WindowsStandaloneSupport/Variations/mono/Managed/UnityEngine.AccessibilityModule.dll"
/reference:"C:/Program Files/Unity/Hub/Editor/2020.1.0b5/Editor/Data/PlaybackEngines/WindowsStandaloneSupport/Variations/mono/Managed/UnityEngine.AndroidJNIModule.dll"
/reference:"C:/Program Files/Unity/Hub/Editor/2020.1.0b5/Editor/Data/PlaybackEngines/WindowsStandaloneSupport/Variations/mono/Managed/UnityEngine.AnimationModule.dll"
/reference:"C:/Program Files/Unity/Hub/Editor/2020.1.0b5/Editor/Data/PlaybackEngines/WindowsStandaloneSupport/Variations/mono/Managed/UnityEngine.AssetBundleModule.dll"
/reference:"C:/Program Files/Unity/Hub/Editor/2020.1.0b5/Editor/Data/PlaybackEngines/WindowsStandaloneSupport/Variations/mono/Managed/UnityEngine.AudioModule.dll"
/reference:"C:/Program Files/Unity/Hub/Editor/2020.1.0b5/Editor/Data/PlaybackEngines/WindowsStandaloneSupport/Variations/mono/Managed/UnityEngine.ClothModule.dll"
/reference:"C:/Program Files/Unity/Hub/Editor/2020.1.0b5/Editor/Data/PlaybackEngines/WindowsStandaloneSupport/Variations/mono/Managed/UnityEngine.ClusterInputModule.dll"
/reference:"C:/Program Files/Unity/Hub/Editor/2020.1.0b5/Editor/Data/PlaybackEngines/WindowsStandaloneSupport/Variations/mono/Managed/UnityEngine.ClusterRendererModule.dll"
/reference:"C:/Program Files/Unity/Hub/Editor/2020.1.0b5/Editor/Data/PlaybackEngines/WindowsStandaloneSupport/Variations/mono/Managed/UnityEngine.CoreModule.dll"
/reference:"C:/Program Files/Unity/Hub/Editor/2020.1.0b5/Editor/Data/PlaybackEngines/WindowsStandaloneSupport/Variations/mono/Managed/UnityEngine.CrashReportingModule.dll"
/reference:"C:/Program Files/Unity/Hub/Editor/2020.1.0b5/Editor/Data/PlaybackEngines/WindowsStandaloneSupport/Variations/mono/Managed/UnityEngine.DSPGraphModule.dll"
/reference:"C:/Program Files/Unity/Hub/Editor/2020.1.0b5/Editor/Data/PlaybackEngines/WindowsStandaloneSupport/Variations/mono/Managed/UnityEngine.DirectorModule.dll"
/reference:"C:/Program Files/Unity/Hub/Editor/2020.1.0b5/Editor/Data/PlaybackEngines/WindowsStandaloneSupport/Variations/mono/Managed/UnityEngine.GameCenterModule.dll"
/reference:"C:/Program Files/Unity/Hub/Editor/2020.1.0b5/Editor/Data/PlaybackEngines/WindowsStandaloneSupport/Variations/mono/Managed/UnityEngine.GridModule.dll"
/reference:"C:/Program Files/Unity/Hub/Editor/2020.1.0b5/Editor/Data/PlaybackEngines/WindowsStandaloneSupport/Variations/mono/Managed/UnityEngine.HotReloadModule.dll"
/reference:"C:/Program Files/Unity/Hub/Editor/2020.1.0b5/Editor/Data/PlaybackEngines/WindowsStandaloneSupport/Variations/mono/Managed/UnityEngine.IMGUIModule.dll"
/reference:"C:/Program Files/Unity/Hub/Editor/2020.1.0b5/Editor/Data/PlaybackEngines/WindowsStandaloneSupport/Variations/mono/Managed/UnityEngine.ImageConversionModule.dll"
/reference:"C:/Program Files/Unity/Hub/Editor/2020.1.0b5/Editor/Data/PlaybackEngines/WindowsStandaloneSupport/Variations/mono/Managed/UnityEngine.InputModule.dll"
/reference:"C:/Program Files/Unity/Hub/Editor/2020.1.0b5/Editor/Data/PlaybackEngines/WindowsStandaloneSupport/Variations/mono/Managed/UnityEngine.InputLegacyModule.dll"
/reference:"C:/Program Files/Unity/Hub/Editor/2020.1.0b5/Editor/Data/PlaybackEngines/WindowsStandaloneSupport/Variations/mono/Managed/UnityEngine.JSONSerializeModule.dll"
/reference:"C:/Program Files/Unity/Hub/Editor/2020.1.0b5/Editor/Data/PlaybackEngines/WindowsStandaloneSupport/Variations/mono/Managed/UnityEngine.LocalizationModule.dll"
/reference:"C:/Program Files/Unity/Hub/Editor/2020.1.0b5/Editor/Data/PlaybackEngines/WindowsStandaloneSupport/Variations/mono/Managed/UnityEngine.ParticleSystemModule.dll"
/reference:"C:/Program Files/Unity/Hub/Editor/2020.1.0b5/Editor/Data/PlaybackEngines/WindowsStandaloneSupport/Variations/mono/Managed/UnityEngine.PerformanceReportingModule.dll"
/reference:"C:/Program Files/Unity/Hub/Editor/2020.1.0b5/Editor/Data/PlaybackEngines/WindowsStandaloneSupport/Variations/mono/Managed/UnityEngine.PhysicsModule.dll"
/reference:"C:/Program Files/Unity/Hub/Editor/2020.1.0b5/Editor/Data/PlaybackEngines/WindowsStandaloneSupport/Variations/mono/Managed/UnityEngine.Physics2DModule.dll"
/reference:"C:/Program Files/Unity/Hub/Editor/2020.1.0b5/Editor/Data/PlaybackEngines/WindowsStandaloneSupport/Variations/mono/Managed/UnityEngine.ProfilerModule.dll"
/reference:"C:/Program Files/Unity/Hub/Editor/2020.1.0b5/Editor/Data/PlaybackEngines/WindowsStandaloneSupport/Variations/mono/Managed/UnityEngine.ScreenCaptureModule.dll"
/reference:"C:/Program Files/Unity/Hub/Editor/2020.1.0b5/Editor/Data/PlaybackEngines/WindowsStandaloneSupport/Variations/mono/Managed/UnityEngine.SharedInternalsModule.dll"
/reference:"C:/Program Files/Unity/Hub/Editor/2020.1.0b5/Editor/Data/PlaybackEngines/WindowsStandaloneSupport/Variations/mono/Managed/UnityEngine.SpriteMaskModule.dll"
/reference:"C:/Program Files/Unity/Hub/Editor/2020.1.0b5/Editor/Data/PlaybackEngines/WindowsStandaloneSupport/Variations/mono/Managed/UnityEngine.SpriteShapeModule.dll"
/reference:"C:/Program Files/Unity/Hub/Editor/2020.1.0b5/Editor/Data/PlaybackEngines/WindowsStandaloneSupport/Variations/mono/Managed/UnityEngine.StreamingModule.dll"
/reference:"C:/Program Files/Unity/Hub/Editor/2020.1.0b5/Editor/Data/PlaybackEngines/WindowsStandaloneSupport/Variations/mono/Managed/UnityEngine.SubstanceModule.dll"
/reference:"C:/Program Files/Unity/Hub/Editor/2020.1.0b5/Editor/Data/PlaybackEngines/WindowsStandaloneSupport/Variations/mono/Managed/UnityEngine.SubsystemsModule.dll"
/reference:"C:/Program Files/Unity/Hub/Editor/2020.1.0b5/Editor/Data/PlaybackEngines/WindowsStandaloneSupport/Variations/mono/Managed/UnityEngine.TLSModule.dll"
/reference:"C:/Program Files/Unity/Hub/Editor/2020.1.0b5/Editor/Data/PlaybackEngines/WindowsStandaloneSupport/Variations/mono/Managed/UnityEngine.TerrainModule.dll"
/reference:"C:/Program Files/Unity/Hub/Editor/2020.1.0b5/Editor/Data/PlaybackEngines/WindowsStandaloneSupport/Variations/mono/Managed/UnityEngine.TerrainPhysicsModule.dll"
/reference:"C:/Program Files/Unity/Hub/Editor/2020.1.0b5/Editor/Data/PlaybackEngines/WindowsStandaloneSupport/Variations/mono/Managed/UnityEngine.TextCoreModule.dll"
/reference:"C:/Program Files/Unity/Hub/Editor/2020.1.0b5/Editor/Data/PlaybackEngines/WindowsStandaloneSupport/Variations/mono/Managed/UnityEngine.TextRenderingModule.dll"
/reference:"C:/Program Files/Unity/Hub/Editor/2020.1.0b5/Editor/Data/PlaybackEngines/WindowsStandaloneSupport/Variations/mono/Managed/UnityEngine.TilemapModule.dll"
/reference:"C:/Program Files/Unity/Hub/Editor/2020.1.0b5/Editor/Data/PlaybackEngines/WindowsStandaloneSupport/Variations/mono/Managed/UnityEngine.UIModule.dll"
/reference:"C:/Program Files/Unity/Hub/Editor/2020.1.0b5/Editor/Data/PlaybackEngines/WindowsStandaloneSupport/Variations/mono/Managed/UnityEngine.UIElementsModule.dll"
/reference:"C:/Program Files/Unity/Hub/Editor/2020.1.0b5/Editor/Data/PlaybackEngines/WindowsStandaloneSupport/Variations/mono/Managed/UnityEngine.UIElementsNativeModule.dll"
/reference:"C:/Program Files/Unity/Hub/Editor/2020.1.0b5/Editor/Data/PlaybackEngines/WindowsStandaloneSupport/Variations/mono/Managed/UnityEngine.UNETModule.dll"
/reference:"C:/Program Files/Unity/Hub/Editor/2020.1.0b5/Editor/Data/PlaybackEngines/WindowsStandaloneSupport/Variations/mono/Managed/UnityEngine.UmbraModule.dll"
/reference:"C:/Program Files/Unity/Hub/Editor/2020.1.0b5/Editor/Data/PlaybackEngines/WindowsStandaloneSupport/Variations/mono/Managed/UnityEngine.UnityAnalyticsModule.dll"
/reference:"C:/Program Files/Unity/Hub/Editor/2020.1.0b5/Editor/Data/PlaybackEngines/WindowsStandaloneSupport/Variations/mono/Managed/UnityEngine.UnityConnectModule.dll"
/reference:"C:/Program Files/Unity/Hub/Editor/2020.1.0b5/Editor/Data/PlaybackEngines/WindowsStandaloneSupport/Variations/mono/Managed/UnityEngine.UnityTestProtocolModule.dll"
/reference:"C:/Program Files/Unity/Hub/Editor/2020.1.0b5/Editor/Data/PlaybackEngines/WindowsStandaloneSupport/Variations/mono/Managed/UnityEngine.UnityWebRequestModule.dll"
/reference:"C:/Program Files/Unity/Hub/Editor/2020.1.0b5/Editor/Data/PlaybackEngines/WindowsStandaloneSupport/Variations/mono/Managed/UnityEngine.UnityWebRequestAssetBundleModule.dll"
/reference:"C:/Program Files/Unity/Hub/Editor/2020.1.0b5/Editor/Data/PlaybackEngines/WindowsStandaloneSupport/Variations/mono/Managed/UnityEngine.UnityWebRequestAudioModule.dll"
/reference:"C:/Program Files/Unity/Hub/Editor/2020.1.0b5/Editor/Data/PlaybackEngines/WindowsStandaloneSupport/Variations/mono/Managed/UnityEngine.UnityWebRequestTextureModule.dll"
/reference:"C:/Program Files/Unity/Hub/Editor/2020.1.0b5/Editor/Data/PlaybackEngines/WindowsStandaloneSupport/Variations/mono/Managed/UnityEngine.UnityWebRequestWWWModule.dll"
/reference:"C:/Program Files/Unity/Hub/Editor/2020.1.0b5/Editor/Data/PlaybackEngines/WindowsStandaloneSupport/Variations/mono/Managed/UnityEngine.VFXModule.dll"
/reference:"C:/Program Files/Unity/Hub/Editor/2020.1.0b5/Editor/Data/PlaybackEngines/WindowsStandaloneSupport/Variations/mono/Managed/UnityEngine.VRModule.dll"
/reference:"C:/Program Files/Unity/Hub/Editor/2020.1.0b5/Editor/Data/PlaybackEngines/WindowsStandaloneSupport/Variations/mono/Managed/UnityEngine.VehiclesModule.dll"
/reference:"C:/Program Files/Unity/Hub/Editor/2020.1.0b5/Editor/Data/PlaybackEngines/WindowsStandaloneSupport/Variations/mono/Managed/UnityEngine.VideoModule.dll"
/reference:"C:/Program Files/Unity/Hub/Editor/2020.1.0b5/Editor/Data/PlaybackEngines/WindowsStandaloneSupport/Variations/mono/Managed/UnityEngine.WindModule.dll"
/reference:"C:/Program Files/Unity/Hub/Editor/2020.1.0b5/Editor/Data/PlaybackEngines/WindowsStandaloneSupport/Variations/mono/Managed/UnityEngine.XRModule.dll"
/reference:F:/UNITY/PROJECTS/TICTACTOCALYPSE/Tictactocalypse/Library/PackageCache/com.unity.purchasing@2.0.6/UnityEngine.Purchasing.dll
/reference:"C:/Program Files/Unity/Hub/Editor/2020.1.0b5/Editor/Data/NetStandard/ref/2.0.0/netstandard.dll"
/reference:"C:/Program Files/Unity/Hub/Editor/2020.1.0b5/Editor/Data/NetStandard/compat/2.0.0/shims/netstandard/Microsoft.Win32.Primitives.dll"
/reference:"C:/Program Files/Unity/Hub/Editor/2020.1.0b5/Editor/Data/NetStandard/compat/2.0.0/shims/netstandard/System.AppContext.dll"
/reference:"C:/Program Files/Unity/Hub/Editor/2020.1.0b5/Editor/Data/NetStandard/compat/2.0.0/shims/netstandard/System.Collections.Concurrent.dll"
/reference:"C:/Program Files/Unity/Hub/Editor/2020.1.0b5/Editor/Data/NetStandard/compat/2.0.0/shims/netstandard/System.Collections.dll"
/reference:"C:/Program Files/Unity/Hub/Editor/2020.1.0b5/Editor/Data/NetStandard/compat/2.0.0/shims/netstandard/System.Collections.NonGeneric.dll"
/reference:"C:/Program Files/Unity/Hub/Editor/2020.1.0b5/Editor/Data/NetStandard/compat/2.0.0/shims/netstandard/System.Collections.Specialized.dll"
/reference:"C:/Program Files/Unity/Hub/Editor/2020.1.0b5/Editor/Data/NetStandard/compat/2.0.0/shims/netstandard/System.ComponentModel.dll"
/reference:"C:/Program Files/Unity/Hub/Editor/2020.1.0b5/Editor/Data/NetStandard/compat/2.0.0/shims/netstandard/System.ComponentModel.EventBasedAsync.dll"
/reference:"C:/Program Files/Unity/Hub/Editor/2020.1.0b5/Editor/Data/NetStandard/compat/2.0.0/shims/netstandard/System.ComponentModel.Primitives.dll"
/reference:"C:/Program Files/Unity/Hub/Editor/2020.1.0b5/Editor/Data/NetStandard/compat/2.0.0/shims/netstandard/System.ComponentModel.TypeConverter.dll"
/reference:"C:/Program Files/Unity/Hub/Editor/2020.1.0b5/Editor/Data/NetStandard/compat/2.0.0/shims/netstandard/System.Console.dll"
/reference:"C:/Program Files/Unity/Hub/Editor/2020.1.0b5/Editor/Data/NetStandard/compat/2.0.0/shims/netstandard/System.Data.Common.dll"
/reference:"C:/Program Files/Unity/Hub/Editor/2020.1.0b5/Editor/Data/NetStandard/compat/2.0.0/shims/netstandard/System.Diagnostics.Contracts.dll"
/reference:"C:/Program Files/Unity/Hub/Editor/2020.1.0b5/Editor/Data/NetStandard/compat/2.0.0/shims/netstandard/System.Diagnostics.Debug.dll"
/reference:"C:/Program Files/Unity/Hub/Editor/2020.1.0b5/Editor/Data/NetStandard/compat/2.0.0/shims/netstandard/System.Diagnostics.FileVersionInfo.dll"
/reference:"C:/Program Files/Unity/Hub/Editor/2020.1.0b5/Editor/Data/NetStandard/compat/2.0.0/shims/netstandard/System.Diagnostics.Process.dll"
/reference:"C:/Program Files/Unity/Hub/Editor/2020.1.0b5/Editor/Data/NetStandard/compat/2.0.0/shims/netstandard/System.Diagnostics.StackTrace.dll"
/reference:"C:/Program Files/Unity/Hub/Editor/2020.1.0b5/Editor/Data/NetStandard/compat/2.0.0/shims/netstandard/System.Diagnostics.TextWriterTraceListener.dll"
/reference:"C:/Program Files/Unity/Hub/Editor/2020.1.0b5/Editor/Data/NetStandard/compat/2.0.0/shims/netstandard/System.Diagnostics.Tools.dll"
/reference:"C:/Program Files/Unity/Hub/Editor/2020.1.0b5/Editor/Data/NetStandard/compat/2.0.0/shims/netstandard/System.Diagnostics.TraceSource.dll"
/reference:"C:/Program Files/Unity/Hub/Editor/2020.1.0b5/Editor/Data/NetStandard/compat/2.0.0/shims/netstandard/System.Diagnostics.Tracing.dll"
/reference:"C:/Program Files/Unity/Hub/Editor/2020.1.0b5/Editor/Data/NetStandard/compat/2.0.0/shims/netstandard/System.Drawing.Primitives.dll"
/reference:"C:/Program Files/Unity/Hub/Editor/2020.1.0b5/Editor/Data/NetStandard/compat/2.0.0/shims/netstandard/System.Dynamic.Runtime.dll"
/reference:"C:/Program Files/Unity/Hub/Editor/2020.1.0b5/Editor/Data/NetStandard/compat/2.0.0/shims/netstandard/System.Globalization.Calendars.dll"
/reference:"C:/Program Files/Unity/Hub/Editor/2020.1.0b5/Editor/Data/NetStandard/compat/2.0.0/shims/netstandard/System.Globalization.dll"
/reference:"C:/Program Files/Unity/Hub/Editor/2020.1.0b5/Editor/Data/NetStandard/compat/2.0.0/shims/netstandard/System.Globalization.Extensions.dll"
/reference:"C:/Program Files/Unity/Hub/Editor/2020.1.0b5/Editor/Data/NetStandard/compat/2.0.0/shims/netstandard/System.IO.Compression.dll"
/reference:"C:/Program Files/Unity/Hub/Editor/2020.1.0b5/Editor/Data/NetStandard/compat/2.0.0/shims/netstandard/System.IO.Compression.ZipFile.dll"
/reference:"C:/Program Files/Unity/Hub/Editor/2020.1.0b5/Editor/Data/NetStandard/compat/2.0.0/shims/netstandard/System.IO.dll"
/reference:"C:/Program Files/Unity/Hub/Editor/2020.1.0b5/Editor/Data/NetStandard/compat/2.0.0/shims/netstandard/System.IO.FileSystem.dll"
/reference:"C:/Program Files/Unity/Hub/Editor/2020.1.0b5/Editor/Data/NetStandard/compat/2.0.0/shims/netstandard/System.IO.FileSystem.DriveInfo.dll"
/reference:"C:/Program Files/Unity/Hub/Editor/2020.1.0b5/Editor/Data/NetStandard/compat/2.0.0/shims/netstandard/System.IO.FileSystem.Primitives.dll"
/reference:"C:/Program Files/Unity/Hub/Editor/2020.1.0b5/Editor/Data/NetStandard/compat/2.0.0/shims/netstandard/System.IO.FileSystem.Watcher.dll"
/reference:"C:/Program Files/Unity/Hub/Editor/2020.1.0b5/Editor/Data/NetStandard/compat/2.0.0/shims/netstandard/System.IO.IsolatedStorage.dll"
/reference:"C:/Program Files/Unity/Hub/Editor/2020.1.0b5/Editor/Data/NetStandard/compat/2.0.0/shims/netstandard/System.IO.MemoryMappedFiles.dll"
/reference:"C:/Program Files/Unity/Hub/Editor/2020.1.0b5/Editor/Data/NetStandard/compat/2.0.0/shims/netstandard/System.IO.Pipes.dll"
/reference:"C:/Program Files/Unity/Hub/Editor/2020.1.0b5/Editor/Data/NetStandard/compat/2.0.0/shims/netstandard/System.IO.UnmanagedMemoryStream.dll"
/reference:"C:/Program Files/Unity/Hub/Editor/2020.1.0b5/Editor/Data/NetStandard/compat/2.0.0/shims/netstandard/System.Linq.dll"
/reference:"C:/Program Files/Unity/Hub/Editor/2020.1.0b5/Editor/Data/NetStandard/compat/2.0.0/shims/netstandard/System.Linq.Expressions.dll"
/reference:"C:/Program Files/Unity/Hub/Editor/2020.1.0b5/Editor/Data/NetStandard/compat/2.0.0/shims/netstandard/System.Linq.Parallel.dll"
/reference:"C:/Program Files/Unity/Hub/Editor/2020.1.0b5/Editor/Data/NetStandard/compat/2.0.0/shims/netstandard/System.Linq.Queryable.dll"
/reference:"C:/Program Files/Unity/Hub/Editor/2020.1.0b5/Editor/Data/NetStandard/compat/2.0.0/shims/netstandard/System.Net.Http.dll"
/reference:"C:/Program Files/Unity/Hub/Editor/2020.1.0b5/Editor/Data/NetStandard/compat/2.0.0/shims/netstandard/System.Net.NameResolution.dll"
/reference:"C:/Program Files/Unity/Hub/Editor/2020.1.0b5/Editor/Data/NetStandard/compat/2.0.0/shims/netstandard/System.Net.NetworkInformation.dll"
/reference:"C:/Program Files/Unity/Hub/Editor/2020.1.0b5/Editor/Data/NetStandard/compat/2.0.0/shims/netstandard/System.Net.Ping.dll"
/reference:"C:/Program Files/Unity/Hub/Editor/2020.1.0b5/Editor/Data/NetStandard/compat/2.0.0/shims/netstandard/System.Net.Primitives.dll"
/reference:"C:/Program Files/Unity/Hub/Editor/2020.1.0b5/Editor/Data/NetStandard/compat/2.0.0/shims/netstandard/System.Net.Requests.dll"
/reference:"C:/Program Files/Unity/Hub/Editor/2020.1.0b5/Editor/Data/NetStandard/compat/2.0.0/shims/netstandard/System.Net.Security.dll"
/reference:"C:/Program Files/Unity/Hub/Editor/2020.1.0b5/Editor/Data/NetStandard/compat/2.0.0/shims/netstandard/System.Net.Sockets.dll"
/reference:"C:/Program Files/Unity/Hub/Editor/2020.1.0b5/Editor/Data/NetStandard/compat/2.0.0/shims/netstandard/System.Net.WebHeaderCollection.dll"
/reference:"C:/Program Files/Unity/Hub/Editor/2020.1.0b5/Editor/Data/NetStandard/compat/2.0.0/shims/netstandard/System.Net.WebSockets.Client.dll"
/reference:"C:/Program Files/Unity/Hub/Editor/2020.1.0b5/Editor/Data/NetStandard/compat/2.0.0/shims/netstandard/System.Net.WebSockets.dll"
/reference:"C:/Program Files/Unity/Hub/Editor/2020.1.0b5/Editor/Data/NetStandard/compat/2.0.0/shims/netstandard/System.ObjectModel.dll"
/reference:"C:/Program Files/Unity/Hub/Editor/2020.1.0b5/Editor/Data/NetStandard/compat/2.0.0/shims/netstandard/System.Reflection.dll"
/reference:"C:/Program Files/Unity/Hub/Editor/2020.1.0b5/Editor/Data/NetStandard/compat/2.0.0/shims/netstandard/System.Reflection.Extensions.dll"
/reference:"C:/Program Files/Unity/Hub/Editor/2020.1.0b5/Editor/Data/NetStandard/compat/2.0.0/shims/netstandard/System.Reflection.Primitives.dll"
/reference:"C:/Program Files/Unity/Hub/Editor/2020.1.0b5/Editor/Data/NetStandard/compat/2.0.0/shims/netstandard/System.Resources.Reader.dll"
/reference:"C:/Program Files/Unity/Hub/Editor/2020.1.0b5/Editor/Data/NetStandard/compat/2.0.0/shims/netstandard/System.Resources.ResourceManager.dll"
/reference:"C:/Program Files/Unity/Hub/Editor/2020.1.0b5/Editor/Data/NetStandard/compat/2.0.0/shims/netstandard/System.Resources.Writer.dll"
/reference:"C:/Program Files/Unity/Hub/Editor/2020.1.0b5/Editor/Data/NetStandard/compat/2.0.0/shims/netstandard/System.Runtime.CompilerServices.VisualC.dll"
/reference:"C:/Program Files/Unity/Hub/Editor/2020.1.0b5/Editor/Data/NetStandard/compat/2.0.0/shims/netstandard/System.Runtime.dll"
/reference:"C:/Program Files/Unity/Hub/Editor/2020.1.0b5/Editor/Data/NetStandard/compat/2.0.0/shims/netstandard/System.Runtime.Extensions.dll"
/reference:"C:/Program Files/Unity/Hub/Editor/2020.1.0b5/Editor/Data/NetStandard/compat/2.0.0/shims/netstandard/System.Runtime.Handles.dll"
/reference:"C:/Program Files/Unity/Hub/Editor/2020.1.0b5/Editor/Data/NetStandard/compat/2.0.0/shims/netstandard/System.Runtime.InteropServices.dll"
/reference:"C:/Program Files/Unity/Hub/Editor/2020.1.0b5/Editor/Data/NetStandard/compat/2.0.0/shims/netstandard/System.Runtime.InteropServices.RuntimeInformation.dll"
/reference:"C:/Program Files/Unity/Hub/Editor/2020.1.0b5/Editor/Data/NetStandard/compat/2.0.0/shims/netstandard/System.Runtime.Numerics.dll"
/reference:"C:/Program Files/Unity/Hub/Editor/2020.1.0b5/Editor/Data/NetStandard/compat/2.0.0/shims/netstandard/System.Runtime.Serialization.Formatters.dll"
/reference:"C:/Program Files/Unity/Hub/Editor/2020.1.0b5/Editor/Data/NetStandard/compat/2.0.0/shims/netstandard/System.Runtime.Serialization.Json.dll"
/reference:"C:/Program Files/Unity/Hub/Editor/2020.1.0b5/Editor/Data/NetStandard/compat/2.0.0/shims/netstandard/System.Runtime.Serialization.Primitives.dll"
/reference:"C:/Program Files/Unity/Hub/Editor/2020.1.0b5/Editor/Data/NetStandard/compat/2.0.0/shims/netstandard/System.Runtime.Serialization.Xml.dll"
/reference:"C:/Program Files/Unity/Hub/Editor/2020.1.0b5/Editor/Data/NetStandard/compat/2.0.0/shims/netstandard/System.Security.Claims.dll"
/reference:"C:/Program Files/Unity/Hub/Editor/2020.1.0b5/Editor/Data/NetStandard/compat/2.0.0/shims/netstandard/System.Security.Cryptography.Algorithms.dll"
/reference:"C:/Program Files/Unity/Hub/Editor/2020.1.0b5/Editor/Data/NetStandard/compat/2.0.0/shims/netstandard/System.Security.Cryptography.Csp.dll"
/reference:"C:/Program Files/Unity/Hub/Editor/2020.1.0b5/Editor/Data/NetStandard/compat/2.0.0/shims/netstandard/System.Security.Cryptography.Encoding.dll"
/reference:"C:/Program Files/Unity/Hub/Editor/2020.1.0b5/Editor/Data/NetStandard/compat/2.0.0/shims/netstandard/System.Security.Cryptography.Primitives.dll"
/reference:"C:/Program Files/Unity/Hub/Editor/2020.1.0b5/Editor/Data/NetStandard/compat/2.0.0/shims/netstandard/System.Security.Cryptography.X509Certificates.dll"
/reference:"C:/Program Files/Unity/Hub/Editor/2020.1.0b5/Editor/Data/NetStandard/compat/2.0.0/shims/netstandard/System.Security.Principal.dll"
/reference:"C:/Program Files/Unity/Hub/Editor/2020.1.0b5/Editor/Data/NetStandard/compat/2.0.0/shims/netstandard/System.Security.SecureString.dll"
/reference:"C:/Program Files/Unity/Hub/Editor/2020.1.0b5/Editor/Data/NetStandard/compat/2.0.0/shims/netstandard/System.Text.Encoding.dll"
/reference:"C:/Program Files/Unity/Hub/Editor/2020.1.0b5/Editor/Data/NetStandard/compat/2.0.0/shims/netstandard/System.Text.Encoding.Extensions.dll"
/reference:"C:/Program Files/Unity/Hub/Editor/2020.1.0b5/Editor/Data/NetStandard/compat/2.0.0/shims/netstandard/System.Text.RegularExpressions.dll"
/reference:"C:/Program Files/Unity/Hub/Editor/2020.1.0b5/Editor/Data/NetStandard/compat/2.0.0/shims/netstandard/System.Threading.dll"
/reference:"C:/Program Files/Unity/Hub/Editor/2020.1.0b5/Editor/Data/NetStandard/compat/2.0.0/shims/netstandard/System.Threading.Overlapped.dll"
/reference:"C:/Program Files/Unity/Hub/Editor/2020.1.0b5/Editor/Data/NetStandard/compat/2.0.0/shims/netstandard/System.Threading.Tasks.dll"
/reference:"C:/Program Files/Unity/Hub/Editor/2020.1.0b5/Editor/Data/NetStandard/compat/2.0.0/shims/netstandard/System.Threading.Tasks.Parallel.dll"
/reference:"C:/Program Files/Unity/Hub/Editor/2020.1.0b5/Editor/Data/NetStandard/compat/2.0.0/shims/netstandard/System.Threading.Thread.dll"
/reference:"C:/Program Files/Unity/Hub/Editor/2020.1.0b5/Editor/Data/NetStandard/compat/2.0.0/shims/netstandard/System.Threading.ThreadPool.dll"
/reference:"C:/Program Files/Unity/Hub/Editor/2020.1.0b5/Editor/Data/NetStandard/compat/2.0.0/shims/netstandard/System.Threading.Timer.dll"
/reference:"C:/Program Files/Unity/Hub/Editor/2020.1.0b5/Editor/Data/NetStandard/compat/2.0.0/shims/netstandard/System.ValueTuple.dll"
/reference:"C:/Program Files/Unity/Hub/Editor/2020.1.0b5/Editor/Data/NetStandard/compat/2.0.0/shims/netstandard/System.Xml.ReaderWriter.dll"
/reference:"C:/Program Files/Unity/Hub/Editor/2020.1.0b5/Editor/Data/NetStandard/compat/2.0.0/shims/netstandard/System.Xml.XDocument.dll"
/reference:"C:/Program Files/Unity/Hub/Editor/2020.1.0b5/Editor/Data/NetStandard/compat/2.0.0/shims/netstandard/System.Xml.XmlDocument.dll"
/reference:"C:/Program Files/Unity/Hub/Editor/2020.1.0b5/Editor/Data/NetStandard/compat/2.0.0/shims/netstandard/System.Xml.XmlSerializer.dll"
/reference:"C:/Program Files/Unity/Hub/Editor/2020.1.0b5/Editor/Data/NetStandard/compat/2.0.0/shims/netstandard/System.Xml.XPath.dll"
/reference:"C:/Program Files/Unity/Hub/Editor/2020.1.0b5/Editor/Data/NetStandard/compat/2.0.0/shims/netstandard/System.Xml.XPath.XDocument.dll"
/reference:"C:/Program Files/Unity/Hub/Editor/2020.1.0b5/Editor/Data/NetStandard/Extensions/2.0.0/System.Numerics.Vectors.dll"
/reference:"C:/Program Files/Unity/Hub/Editor/2020.1.0b5/Editor/Data/NetStandard/Extensions/2.0.0/System.Runtime.InteropServices.WindowsRuntime.dll"
/reference:"C:/Program Files/Unity/Hub/Editor/2020.1.0b5/Editor/Data/NetStandard/compat/2.0.0/shims/netfx/mscorlib.dll"
/reference:"C:/Program Files/Unity/Hub/Editor/2020.1.0b5/Editor/Data/NetStandard/compat/2.0.0/shims/netfx/System.ComponentModel.Composition.dll"
/reference:"C:/Program Files/Unity/Hub/Editor/2020.1.0b5/Editor/Data/NetStandard/compat/2.0.0/shims/netfx/System.Core.dll"
/reference:"C:/Program Files/Unity/Hub/Editor/2020.1.0b5/Editor/Data/NetStandard/compat/2.0.0/shims/netfx/System.Data.dll"
/reference:"C:/Program Files/Unity/Hub/Editor/2020.1.0b5/Editor/Data/NetStandard/compat/2.0.0/shims/netfx/System.dll"
/reference:"C:/Program Files/Unity/Hub/Editor/2020.1.0b5/Editor/Data/NetStandard/compat/2.0.0/shims/netfx/System.Drawing.dll"
/reference:"C:/Program Files/Unity/Hub/Editor/2020.1.0b5/Editor/Data/NetStandard/compat/2.0.0/shims/netfx/System.IO.Compression.FileSystem.dll"
/reference:"C:/Program Files/Unity/Hub/Editor/2020.1.0b5/Editor/Data/NetStandard/compat/2.0.0/shims/netfx/System.Net.dll"
/reference:"C:/Program Files/Unity/Hub/Editor/2020.1.0b5/Editor/Data/NetStandard/compat/2.0.0/shims/netfx/System.Numerics.dll"
/reference:"C:/Program Files/Unity/Hub/Editor/2020.1.0b5/Editor/Data/NetStandard/compat/2.0.0/shims/netfx/System.Runtime.Serialization.dll"
/reference:"C:/Program Files/Unity/Hub/Editor/2020.1.0b5/Editor/Data/NetStandard/compat/2.0.0/shims/netfx/System.ServiceModel.Web.dll"
/reference:"C:/Program Files/Unity/Hub/Editor/2020.1.0b5/Editor/Data/NetStandard/compat/2.0.0/shims/netfx/System.Transactions.dll"
/reference:"C:/Program Files/Unity/Hub/Editor/2020.1.0b5/Editor/Data/NetStandard/compat/2.0.0/shims/netfx/System.Web.dll"
/reference:"C:/Program Files/Unity/Hub/Editor/2020.1.0b5/Editor/Data/NetStandard/compat/2.0.0/shims/netfx/System.Windows.dll"
/reference:"C:/Program Files/Unity/Hub/Editor/2020.1.0b5/Editor/Data/NetStandard/compat/2.0.0/shims/netfx/System.Xml.dll"
/reference:"C:/Program Files/Unity/Hub/Editor/2020.1.0b5/Editor/Data/NetStandard/compat/2.0.0/shims/netfx/System.Xml.Linq.dll"
/reference:"C:/Program Files/Unity/Hub/Editor/2020.1.0b5/Editor/Data/NetStandard/compat/2.0.0/shims/netfx/System.Xml.Serialization.dll"
/define:UNITY_2020_1_0
/define:UNITY_2020_1
/define:UNITY_2020
/define:UNITY_5_3_OR_NEWER
/define:UNITY_5_4_OR_NEWER
/define:UNITY_5_5_OR_NEWER
/define:UNITY_5_6_OR_NEWER
/define:UNITY_2017_1_OR_NEWER
/define:UNITY_2017_2_OR_NEWER
/define:UNITY_2017_3_OR_NEWER
/define:UNITY_2017_4_OR_NEWER
/define:UNITY_2018_1_OR_NEWER
/define:UNITY_2018_2_OR_NEWER
/define:UNITY_2018_3_OR_NEWER
/define:UNITY_2018_4_OR_NEWER
/define:UNITY_2019_1_OR_NEWER
/define:UNITY_2019_2_OR_NEWER
/define:UNITY_2019_3_OR_NEWER
/define:UNITY_2020_1_OR_NEWER
/define:PLATFORM_ARCH_64
/define:UNITY_64
/define:ENABLE_AR
/define:ENABLE_AUDIO
/define:ENABLE_CACHING
/define:ENABLE_CLOTH
/define:ENABLE_EVENT_QUEUE
/define:ENABLE_MICROPHONE
/define:ENABLE_MULTIPLE_DISPLAYS
/define:ENABLE_PHYSICS
/define:ENABLE_TEXTURE_STREAMING
/define:ENABLE_VIRTUALTEXTURING
/define:ENABLE_UNET
/define:ENABLE_LZMA
/define:ENABLE_UNITYEVENTS
/define:ENABLE_VR
/define:ENABLE_WEBCAM
/define:ENABLE_UNITYWEBREQUEST
/define:ENABLE_WWW
/define:ENABLE_CLOUD_SERVICES
/define:ENABLE_CLOUD_SERVICES_COLLAB
/define:ENABLE_CLOUD_SERVICES_COLLAB_SOFTLOCKS
/define:ENABLE_CLOUD_SERVICES_ADS
/define:ENABLE_CLOUD_SERVICES_USE_WEBREQUEST
/define:ENABLE_CLOUD_SERVICES_CRASH_REPORTING
/define:ENABLE_CLOUD_SERVICES_PURCHASING
/define:ENABLE_CLOUD_SERVICES_ANALYTICS
/define:ENABLE_CLOUD_SERVICES_UNET
/define:ENABLE_CLOUD_SERVICES_BUILD
/define:ENABLE_CLOUD_LICENSE
/define:ENABLE_EDITOR_HUB_LICENSE
/define:ENABLE_WEBSOCKET_CLIENT
/define:ENABLE_DIRECTOR_AUDIO
/define:ENABLE_DIRECTOR_TEXTURE
/define:ENABLE_MANAGED_JOBS
/define:ENABLE_MANAGED_TRANSFORM_JOBS
/define:ENABLE_MANAGED_ANIMATION_JOBS
/define:ENABLE_MANAGED_AUDIO_JOBS
/define:INCLUDE_DYNAMIC_GI
/define:ENABLE_MONO_BDWGC
/define:ENABLE_SCRIPTING_GC_WBARRIERS
/define:PLATFORM_SUPPORTS_MONO
/define:RENDER_SOFTWARE_CURSOR
/define:ENABLE_VIDEO
/define:PLATFORM_STANDALONE
/define:PLATFORM_STANDALONE_WIN
/define:UNITY_STANDALONE_WIN
/define:UNITY_STANDALONE
/define:ENABLE_RUNTIME_GI
/define:ENABLE_MOVIES
/define:ENABLE_NETWORK
/define:ENABLE_CRUNCH_TEXTURE_COMPRESSION
/define:ENABLE_OUT_OF_PROCESS_CRASH_HANDLER
/define:ENABLE_CLUSTER_SYNC
/define:ENABLE_CLUSTERINPUT
/define:ENABLE_WEBSOCKET_HOST
/define:ENABLE_MONO
/define:NET_STANDARD_2_0
/define:ENABLE_CUSTOM_RENDER_TEXTURE
/define:ENABLE_DIRECTOR
/define:ENABLE_LOCALIZATION
/define:ENABLE_SPRITES
/define:ENABLE_TERRAIN
/define:ENABLE_TILEMAP
/define:ENABLE_TIMELINE
/define:ENABLE_LEGACY_INPUT_MANAGER
/define:CSHARP_7_OR_LATER
/define:CSHARP_7_3_OR_NEWER
F:\UNITY\PROJECTS\TICTACTOCALYPSE\Tictactocalypse\Library\PackageCache\com.unity.xr.legacyinputhelpers@1.3.7\Runtime\TrackedPoseDriver\AssemblyInfo.cs
F:\UNITY\PROJECTS\TICTACTOCALYPSE\Tictactocalypse\Library\PackageCache\com.unity.xr.legacyinputhelpers@1.3.7\Runtime\TrackedPoseDriver\BasePoseProvider.cs
F:\UNITY\PROJECTS\TICTACTOCALYPSE\Tictactocalypse\Library\PackageCache\com.unity.xr.legacyinputhelpers@1.3.7\Runtime\TrackedPoseDriver\TrackedPoseDriver.cs

-----CompilerOutput:-stdout--exitcode: 1--compilationhadfailure: True--outfile: Temp/UnityEngine.SpatialTracking.dll
Microsoft (R) Visual C# Compiler version 2.9.1.65535 (9d34608e)
Copyright (C) Microsoft Corporation. All rights reserved.

Library\PackageCache\com.unity.xr.legacyinputhelpers@1.3.7\Runtime\TrackedPoseDriver\TrackedPoseDriver.cs(198,13): error CS1069: The type name 'PoseData' could not be found in the namespace 'UnityEngine.XR.Tango'. This type has been forwarded to assembly 'UnityEngine.ARModule, Version=0.0.0.0, Culture=neutral, PublicKeyToken=null' Consider adding a reference to that assembly.
Library\PackageCache\com.unity.xr.legacyinputhelpers@1.3.7\Runtime\TrackedPoseDriver\TrackedPoseDriver.cs(199,17): error CS0103: The name 'TangoInputTracking' does not exist in the current context
Library\PackageCache\com.unity.xr.legacyinputhelpers@1.3.7\Runtime\TrackedPoseDriver\TrackedPoseDriver.cs(199,91): error CS0103: The name 'PoseStatus' does not exist in the current context
-----EndCompilerOutput---------------
- Finished compile Library/PlayerScriptAssemblies/Unity.TextMeshPro.dll in 0,595701 seconds
- Finished script compilation in 1,007851 seconds
Library\PackageCache\com.unity.xr.legacyinputhelpers@1.3.7\Runtime\TrackedPoseDriver\TrackedPoseDriver.cs(198,13): error CS1069: The type name 'PoseData' could not be found in the namespace 'UnityEngine.XR.Tango'. This type has been forwarded to assembly 'UnityEngine.ARModule, Version=0.0.0.0, Culture=neutral, PublicKeyToken=null' Enable the built in package 'AR' in the Package Manager window to fix this error.
Library\PackageCache\com.unity.xr.legacyinputhelpers@1.3.7\Runtime\TrackedPoseDriver\TrackedPoseDriver.cs(199,17): error CS0103: The name 'TangoInputTracking' does not exist in the current context
Library\PackageCache\com.unity.xr.legacyinputhelpers@1.3.7\Runtime\TrackedPoseDriver\TrackedPoseDriver.cs(199,91): error CS0103: The name 'PoseStatus' does not exist in the current context
[ScriptCompilation] Recompiling all scripts because: Recompiling scripts for editor because player build failed.
DisplayProgressNotification: Build Failed
Error building Player because scripts had compiler errors
Unloading 28 Unused Serialized files (Serialized files now loaded: 0)
System memory in use before: 71.2 MB.
System memory in use after: 71.2 MB.

Unloading 25 unused Assets to reduce memory usage. Loaded Objects now: 1791.
Total: 3.217700 ms (FindLiveObjects: 0.317200 ms CreateObjectMapping: 0.038400 ms MarkObjects: 2.847600 ms  DeleteObjects: 0.014000 ms)

Unloading 0 Unused Serialized files (Serialized files now loaded: 0)
Loaded scene 'Temp/__Backupscenes/0.backup'
	Deserialize:            0.440 ms
	Integration:            152.747 ms
	Integration of assets:  0.004 ms
	Thread Wait Time:       18.489 ms
	Total Operation Time:   171.680 ms
System memory in use before: 70.5 MB.
System memory in use after: 70.6 MB.

Unloading 0 unused Assets to reduce memory usage. Loaded Objects now: 1791.
Total: 3.120200 ms (FindLiveObjects: 0.268900 ms CreateObjectMapping: 0.038000 ms MarkObjects: 2.804800 ms  DeleteObjects: 0.008000 ms)

DONE
UnityEngine.DebugLogHandler:Internal_Log(LogType, LogOption, String, Object)
UnityEngine.DebugLogHandler:LogFormat(LogType, Object, String, Object[])
UnityEngine.Logger:Log(LogType, Object)
UnityEngine.Debug:Log(Object)
Builder:Build() (at Assets\Scripts\Builder.cs:18)
 
(Filename: Assets/Scripts/Builder.cs Line: 18)

New Report (UnityEngine.BuildReport)
UnityEngine.DebugLogHandler:Internal_Log(LogType, LogOption, String, Object)
UnityEngine.DebugLogHandler:LogFormat(LogType, Object, String, Object[])
UnityEngine.Logger:Log(LogType, Object)
UnityEngine.Debug:Log(Object)
Builder:Build() (at Assets\Scripts\Builder.cs:19)
 
(Filename: Assets/Scripts/Builder.cs Line: 19)

Batchmode quit successfully invoked - shutting down!
[Performance] WinEditorMain                                               :        1 samples, Peak.  1.74 s (1.0x), Avg.  1.74 s, Total. 1.738 s (19.5%)
[Performance] WinEditorMain.ConfigureCrashHandler                         :        1 samples, Peak.  31.8 us (1.0x), Avg.  31.8 us, Total. 31.80 us (0.0%)
[Performance] WinEditorMain.CurlRequestInitialize                         :        1 samples, Peak.  2.15 ms (1.0x), Avg.  2.15 ms, Total. 2.148 ms (0.0%)
[Performance] WinEditorMain.SetupLogFile                                  :        1 samples, Peak.   149 us (1.0x), Avg.   149 us, Total. 148.9 us (0.0%)
[Performance] WinEditorMain.RunNativeTestsIfRequiredAndExit               :        1 samples, Peak.  2.70 us (1.0x), Avg.  2.70 us, Total. 2.700 us (0.0%)
[Performance] WinEditorMain.Licensing                                     :        1 samples, Peak.  1.57 s (1.0x), Avg.  1.57 s, Total. 1.568 s (17.6%)
[Performance] WinEditorMain.InitializeCrashHandler                        :        1 samples, Peak.   166 ms (1.0x), Avg.   166 ms, Total. 166.2 ms (1.9%)
[Performance] WinEditorMain.CreateApplication                             :        1 samples, Peak.   226 us (1.0x), Avg.   226 us, Total. 225.6 us (0.0%)
[Performance] Application.InitializeProject                               :        1 samples, Peak.  5.26 s (1.0x), Avg.  5.26 s, Total. 5.264 s (59.0%)
[Performance] Application.PackageManager.StartServer                      :        1 samples, Peak.  1.51 ms (1.0x), Avg.  1.51 ms, Total. 1.514 ms (0.0%)
[Performance] Application.AcquireProjectLock                              :        1 samples, Peak.  2.87 ms (1.0x), Avg.  2.87 ms, Total. 2.866 ms (0.0%)
[Performance] Application.InitializeEngineNoGraphics                      :        1 samples, Peak.  14.4 ms (1.0x), Avg.  14.4 ms, Total. 14.42 ms (0.2%)
[Performance] Application.PackageManager.Initialize                       :        1 samples, Peak.  1.02 s (1.0x), Avg.  1.02 s, Total. 1.022 s (11.5%)
[Performance] CurlRequestCheck                                            :       18 samples, Peak.  25.5 us (5.9x), Avg.  4.31 us, Total. 77.50 us (0.0%)
[Performance] PackageManager::RunRequestSynchronously                     :       10 samples, Peak.  23.0 us (4.5x), Avg.  5.09 us, Total. 50.90 us (0.0%)
[Performance] Application.EngineGraphics.Initialize                       :        1 samples, Peak.   253 ms (1.0x), Avg.   253 ms, Total. 253.5 ms (2.8%)
[Performance] Application.GI.Initialize                                   :        1 samples, Peak.   212 ms (1.0x), Avg.   212 ms, Total. 212.3 ms (2.4%)
[Performance] Application.LoadAllDefaultResourcesFromEditor               :        1 samples, Peak.  1.72 ms (1.0x), Avg.  1.72 ms, Total. 1.717 ms (0.0%)
[Performance] Application.LoadMonoAssemblies                              :        1 samples, Peak.  1.21 s (1.0x), Avg.  1.21 s, Total. 1.206 s (13.5%)
[Performance] ProcessService.EditorAfterLoadAllAssemblies                 :        2 samples, Peak.  24.7 ms (1.1x), Avg.  22.7 ms, Total. 45.41 ms (0.5%)
[Performance] Application.ReadLicenseInfo                                 :        1 samples, Peak.   148 ms (1.0x), Avg.   148 ms, Total. 148.4 ms (1.7%)
[Performance] Application.InitialScriptRefresh                            :        1 samples, Peak.  1.04 s (1.0x), Avg.  1.04 s, Total. 1.044 s (11.7%)
[Performance] AssetDatabase.ImportAssets                                  :        3 samples, Peak.   600 ns (1.6x), Avg.   367 ns, Total. 1.100 us (0.0%)
[Performance] Application.AssetDatabase.Refresh                           :        1 samples, Peak.  22.1 ms (1.0x), Avg.  22.1 ms, Total. 22.13 ms (0.2%)
[Performance] AssetDatabase.Refresh                                       :        1 samples, Peak.  22.1 ms (1.0x), Avg.  22.1 ms, Total. 22.13 ms (0.2%)
[Performance] Application.ImportAssetsWithMismatchingAssetImporterVersion :        1 samples, Peak.  39.0 ms (1.0x), Avg.  39.0 ms, Total. 39.01 ms (0.4%)
[Performance] Application.SyncCurrentColorSpace                           :        1 samples, Peak.   142 ms (1.0x), Avg.   142 ms, Total. 142.0 ms (1.6%)
[Performance] Application.OnUsbDevicesChanged                             :        1 samples, Peak.  6.20 ms (1.0x), Avg.  6.20 ms, Total. 6.204 ms (0.1%)
[Performance] Application.AssetInstanceCacheUpdate                        :        1 samples, Peak.  2.20 us (1.0x), Avg.  2.20 us, Total. 2.200 us (0.0%)
[Performance] Application.UnityExtensions.Initialize                      :        1 samples, Peak.   630 us (1.0x), Avg.   630 us, Total. 629.7 us (0.0%)
[Performance] Application.InitializeManagedCompilationPipeline            :        1 samples, Peak.  35.0 ms (1.0x), Avg.  35.0 ms, Total. 34.97 ms (0.4%)
[Performance] Application.ExecuteStartups                                 :        1 samples, Peak.   143 ms (1.0x), Avg.   143 ms, Total. 142.5 ms (1.6%)
[Performance] Application.InitializeMenu                                  :        1 samples, Peak.  36.4 ms (1.0x), Avg.  36.4 ms, Total. 36.42 ms (0.4%)
[Performance] Application.editorInitializingProject                       :        1 samples, Peak.  16.3 us (1.0x), Avg.  16.3 us, Total. 16.30 us (0.0%)
[Performance] GUIView.RepaintAll.PlayerLoopController                     :        2 samples, Peak.  1.10 us (1.2x), Avg.   950 ns, Total. 1.900 us (0.0%)
[Performance] Application.InvokeFinishedLoadingProject                    :        1 samples, Peak.  26.9 ms (1.0x), Avg.  26.9 ms, Total. 26.87 ms (0.3%)
[Performance] ProcessService.OnProjectLoaded                              :        1 samples, Peak.  24.2 ms (1.0x), Avg.  24.2 ms, Total. 24.20 ms (0.3%)
[Performance] GenerateAssemblyTypeInfos                                   :        1 samples, Peak.   348 ms (1.0x), Avg.   348 ms, Total. 348.3 ms (3.9%)
[Performance] Inspector.InitOrRebuild                                     :        1 samples, Peak.   512 us (1.0x), Avg.   512 us, Total. 512.1 us (0.0%)
Refresh completed in 0.005216 seconds.
RefreshInfo: RefreshV2(NoUpdateAssetOptions) scanfilter: 
RefreshProfiler: Total: 5.200ms
	InvokeBeforeRefreshCallbacks: 0.163ms
	ApplyChangesToAssetFolders: 0.066ms
	WriteModifiedImportersToTextMetaFiles: 0.000ms
	CleanLegacyArtifacts: 0.000ms
	Scan: 1.259ms
	OnSourceAssetsModified: 0.000ms
	UnregisterDeletedAssets: 0.000ms
	InitializeImportedAssetsSnapshot: 2.187ms
	GetAllGuidsForCategorization: 0.000ms
	CategorizeAssets: 0.000ms
	ImportAndPostprocessOutOfDateAssets: 0.000ms (0.000ms without children)
		ImportManagerImport: 0.000ms (0.000ms without children)
			ImportInProcess: 0.000ms
			ImportOutOfProcess: 0.000ms
			UpdateCategorizedAssets: 0.000ms
			RemoteAssetCacheUploadArtifacts: 0.000ms (0.000ms without children)
				RemoteAssetCacheUploadMetadata: 0.000ms
			RemoteAssetCacheGetArtifact: 0.000ms (0.000ms without children)
				RemoteAssetCacheFetchMetadata: 0.000ms
				RemoteAssetCacheMatchMetadataResults: 0.000ms
				RemoteAssetCacheDownloadFile: 0.000ms
		CompileScripts: 0.000ms
		PostProcessAllAssets: 0.000ms
		ReloadImportedAssets: 0.000ms
		VerifyAssetsAreUpToDateAndCorrect: 0.000ms
		EnsureUptoDateAssetsAreRegisteredWithGuidPM: 0.000ms
		InitializingProgressBar: 0.000ms
		PostProcessAllAssetNotificationsAddChangedAssets: 0.000ms
		OnDemandSchedulerStart: 0.000ms
		RestoreLoadedAssetsState: 0.000ms
	InvokeProjectHasChanged: 0.000ms
	UpdateImportedAssetsSnapshot: -0.000ms
	ReloadSourceAssets: 0.000ms
	UnloadImportedAssets: 0.000ms
	Hotreload: 0.014ms
	FixTempGuids: 0.003ms
	VerifyGuidPMRegistrations: 0.000ms
	GatherAllCurrentPrimaryArtifactRevisions: 0.151ms
	UnloadStreamsBegin: 0.010ms
	LoadedImportedAssetsSnapshotReleaseGCHandles: 0.386ms
	GetLoadedSourceAssetsSnapshot: 0.337ms
	PersistCurrentRevisions: 0.073ms
	UnloadStreamsEnd: 0.009ms
	Untracked: 0.543ms
Refresh completed in 0.004638 seconds.
RefreshInfo: RefreshV2(NoUpdateAssetOptions) scanfilter: 
RefreshProfiler: Total: 4.623ms
	InvokeBeforeRefreshCallbacks: 0.138ms
	ApplyChangesToAssetFolders: 0.055ms
	WriteModifiedImportersToTextMetaFiles: 0.000ms
	CleanLegacyArtifacts: 0.000ms
	Scan: 1.210ms
	OnSourceAssetsModified: 0.000ms
	UnregisterDeletedAssets: 0.000ms
	InitializeImportedAssetsSnapshot: 1.797ms
	GetAllGuidsForCategorization: 0.000ms
	CategorizeAssets: 0.000ms
	ImportAndPostprocessOutOfDateAssets: 0.000ms (0.000ms without children)
		ImportManagerImport: 0.000ms (0.000ms without children)
			ImportInProcess: 0.000ms
			ImportOutOfProcess: 0.000ms
			UpdateCategorizedAssets: 0.000ms
			RemoteAssetCacheUploadArtifacts: 0.000ms (0.000ms without children)
				RemoteAssetCacheUploadMetadata: 0.000ms
			RemoteAssetCacheGetArtifact: 0.000ms (0.000ms without children)
				RemoteAssetCacheFetchMetadata: 0.000ms
				RemoteAssetCacheMatchMetadataResults: 0.000ms
				RemoteAssetCacheDownloadFile: 0.000ms
		CompileScripts: 0.000ms
		PostProcessAllAssets: 0.000ms
		ReloadImportedAssets: 0.000ms
		VerifyAssetsAreUpToDateAndCorrect: 0.000ms
		EnsureUptoDateAssetsAreRegisteredWithGuidPM: 0.000ms
		InitializingProgressBar: 0.000ms
		PostProcessAllAssetNotificationsAddChangedAssets: 0.000ms
		OnDemandSchedulerStart: 0.000ms
		RestoreLoadedAssetsState: 0.000ms
	InvokeProjectHasChanged: 0.000ms
	UpdateImportedAssetsSnapshot: -0.000ms
	ReloadSourceAssets: 0.000ms
	UnloadImportedAssets: 0.000ms
	Hotreload: 0.015ms
	FixTempGuids: 0.003ms
	VerifyGuidPMRegistrations: 0.000ms
	GatherAllCurrentPrimaryArtifactRevisions: 0.125ms
	UnloadStreamsBegin: 0.010ms
	LoadedImportedAssetsSnapshotReleaseGCHandles: 0.378ms
	GetLoadedSourceAssetsSnapshot: 0.330ms
	PersistCurrentRevisions: 0.073ms
	UnloadStreamsEnd: 0.008ms
	Untracked: 0.480ms
Setting up 3 worker threads for Enlighten.
  Thread -> id: 3efc -> priority: 1 
  Thread -> id: 2c0c -> priority: 1 
  Thread -> id: 2f34 -> priority: 1 
AcceleratorClientConnectionCallback - disconnected - :0
Cleanup mono
Exiting batchmode successfully now!
Exiting without the bug reporter. Application will terminate with return code 0